c:\users\ozyfur\documents\vulkanreal\gf3d\win32\debug\vc120.pdb
c:\users\ozyfur\documents\vulkanreal\gf3d\win32\debug\vc120.idb
c:\users\ozyfur\documents\vulkanreal\gf3d\win32\debug\gfc_input.obj
c:\users\ozyfur\documents\vulkanreal\gf3d\win32\debug\gfc_list.obj
c:\users\ozyfur\documents\vulkanreal\gf3d\win32\debug\gfc_matrix.obj
c:\users\ozyfur\documents\vulkanreal\gf3d\win32\debug\gfc_text.obj
c:\users\ozyfur\documents\vulkanreal\gf3d\win32\debug\gfc_types.obj
c:\users\ozyfur\documents\vulkanreal\gf3d\win32\debug\gfc_vector.obj
c:\users\ozyfur\documents\vulkanreal\gf3d\win32\debug\game.obj
c:\users\ozyfur\documents\vulkanreal\gf3d\win32\debug\gf3d_camera.obj
c:\users\ozyfur\documents\vulkanreal\gf3d\win32\debug\gf3d_commands.obj
c:\users\ozyfur\documents\vulkanreal\gf3d\win32\debug\gf3d_extensions.obj
c:\users\ozyfur\documents\vulkanreal\gf3d\win32\debug\gf3d_mesh.obj
c:\users\ozyfur\documents\vulkanreal\gf3d\win32\debug\gf3d_model.obj
c:\users\ozyfur\documents\vulkanreal\gf3d\win32\debug\gf3d_obj_load.obj
c:\users\ozyfur\documents\vulkanreal\gf3d\win32\debug\gf3d_pipeline.obj
c:\users\ozyfur\documents\vulkanreal\gf3d\win32\debug\gf3d_shaders.obj
c:\users\ozyfur\documents\vulkanreal\gf3d\win32\debug\gf3d_swapchain.obj
c:\users\ozyfur\documents\vulkanreal\gf3d\win32\debug\gf3d_texture.obj
c:\users\ozyfur\documents\vulkanreal\gf3d\win32\debug\gf3d_validation.obj
c:\users\ozyfur\documents\vulkanreal\gf3d\win32\debug\gf3d_vgraphics.obj
c:\users\ozyfur\documents\vulkanreal\gf3d\win32\debug\gf3d_vqueues.obj
c:\users\ozyfur\documents\vulkanreal\gf3d\win32\debug\simple_json.obj
c:\users\ozyfur\documents\vulkanreal\gf3d\win32\debug\simple_json_array.obj
c:\users\ozyfur\documents\vulkanreal\gf3d\win32\debug\simple_json_error.obj
c:\users\ozyfur\documents\vulkanreal\gf3d\win32\debug\simple_json_list.obj
c:\users\ozyfur\documents\vulkanreal\gf3d\win32\debug\simple_json_object.obj
c:\users\ozyfur\documents\vulkanreal\gf3d\win32\debug\simple_json_parse.obj
c:\users\ozyfur\documents\vulkanreal\gf3d\win32\debug\simple_json_string.obj
c:\users\ozyfur\documents\vulkanreal\gf3d\win32\debug\simple_logger.obj
c:\users\ozyfur\documents\vulkanreal\gf3d\win32\debug\gfc_audio.obj
c:\users\ozyfur\documents\vulkanreal\gf3d\win32\debug\gfc_callbacks.obj
c:\users\ozyfur\documents\vulkanreal\gf3d\win32\debug\gf3d_entity.obj
c:\users\ozyfur\documents\vulkanreal\gf3d\win32\debug\gf3d_physics.obj
c:\users\ozyfur\documents\vulkanreal\gf3d\win32\debug\gf3d_collision.obj
c:\users\ozyfur\documents\vulkanreal\gf3d\win32\debug\vectors.obj
c:\users\ozyfur\documents\vulkanreal\gf3d\win32\debug\gf3d_cube.obj
c:\users\ozyfur\documents\vulkanreal\gf3d\gf3d.ilk
c:\users\ozyfur\documents\vulkanreal\gf3d\gf3d.exe
c:\users\ozyfur\documents\vulkanreal\gf3d\gf3d.pdb
c:\users\ozyfur\documents\vulkanreal\gf3d\win32\..\gf3d.exe
c:\users\ozyfur\documents\vulkanreal\gf3d\win32\debug\gf3d.tlog\cl.command.1.tlog
c:\users\ozyfur\documents\vulkanreal\gf3d\win32\debug\gf3d.tlog\cl.read.1.tlog
c:\users\ozyfur\documents\vulkanreal\gf3d\win32\debug\gf3d.tlog\cl.write.1.tlog
c:\users\ozyfur\documents\vulkanreal\gf3d\win32\debug\gf3d.tlog\link.command.1.tlog
c:\users\ozyfur\documents\vulkanreal\gf3d\win32\debug\gf3d.tlog\link.read.1.tlog
c:\users\ozyfur\documents\vulkanreal\gf3d\win32\debug\gf3d.tlog\link.write.1.tlog
